<?xml version="1.0" encoding="UTF-8"?>
<!-- Generated by org.testng.reporters.JUnitXMLReporter -->
<testsuite ignored="0" hostname="PDBLT0006" failures="2" tests="3" name="Sign in Test" time="2.751" errors="0" timestamp="2021-06-20T16:10:10 IST">
  <testcase classname="com.w2a.testcases.SignInTest" name="signInTest" time="0.023">
    <skipped/>
  </testcase> <!-- signInTest -->
  <testcase classname="com.w2a.testcases.SignInTest" name="signInTest" time="2.094">
    <failure type="org.openqa.selenium.SessionNotCreatedException" message="session not created: This version of ChromeDriver only supports Chrome version 92
Current browser version is 91.0.4472.106 with binary path C:\Program Files\Google\Chrome\Application\chrome.exe
Build info: version: &amp;apos;3.141.59&amp;apos;, revision: &amp;apos;e82be7d358&amp;apos;, time: &amp;apos;2018-11-14T08:17:03&amp;apos;
System info: host: &amp;apos;PDBLT0006&amp;apos;, ip: &amp;apos;192.168.1.4&amp;apos;, os.name: &amp;apos;Windows 10&amp;apos;, os.arch: &amp;apos;amd64&amp;apos;, os.version: &amp;apos;10.0&amp;apos;, java.version: &amp;apos;14.0.2&amp;apos;
Driver info: driver.version: ChromeDriver
remote stacktrace: Backtrace:
	Ordinal0 [0x00395843+2512963]
	Ordinal0 [0x0032EED1+2092753]
	Ordinal0 [0x00231F48+1056584]
	Ordinal0 [0x002501AA+1180074]
	Ordinal0 [0x0024C0C5+1163461]
	Ordinal0 [0x0024990F+1153295]
	Ordinal0 [0x0027994F+1349967]
	Ordinal0 [0x002795BA+1349050]
	Ordinal0 [0x002754BB+1332411]
	Ordinal0 [0x00251D14+1187092]
	Ordinal0 [0x00252B79+1190777]
	GetHandleVerifier [0x00510C56+1501718]
	GetHandleVerifier [0x005BE97F+2213695]
	GetHandleVerifier [0x00418C92+485970]
	GetHandleVerifier [0x00417D59+482073]
	Ordinal0 [0x0033471D+2115357]
	Ordinal0 [0x00338678+2131576]
	Ordinal0 [0x003387B2+2131890]
	Ordinal0 [0x00341971+2169201]
	BaseThreadInitThunk [0x768CFA29+25]
	RtlGetAppContainerNamedObjectPath [0x77E37A9E+286]
	RtlGetAppContainerNamedObjectPath [0x77E37A6E+238]
">
      <![CDATA[org.openqa.selenium.SessionNotCreatedException: session not created: This version of ChromeDriver only supports Chrome version 92
Current browser version is 91.0.4472.106 with binary path C:\Program Files\Google\Chrome\Application\chrome.exe
Build info: version: '3.141.59', revision: 'e82be7d358', time: '2018-11-14T08:17:03'
System info: host: 'PDBLT0006', ip: '192.168.1.4', os.name: 'Windows 10', os.arch: 'amd64', os.version: '10.0', java.version: '14.0.2'
Driver info: driver.version: ChromeDriver
remote stacktrace: Backtrace:
Ordinal0 [0x00395843+2512963]
Ordinal0 [0x0032EED1+2092753]
Ordinal0 [0x00231F48+1056584]
Ordinal0 [0x002501AA+1180074]
Ordinal0 [0x0024C0C5+1163461]
Ordinal0 [0x0024990F+1153295]
Ordinal0 [0x0027994F+1349967]
Ordinal0 [0x002795BA+1349050]
Ordinal0 [0x002754BB+1332411]
Ordinal0 [0x00251D14+1187092]
Ordinal0 [0x00252B79+1190777]
GetHandleVerifier [0x00510C56+1501718]
GetHandleVerifier [0x005BE97F+2213695]
GetHandleVerifier [0x00418C92+485970]
GetHandleVerifier [0x00417D59+482073]
Ordinal0 [0x0033471D+2115357]
Ordinal0 [0x00338678+2131576]
Ordinal0 [0x003387B2+2131890]
Ordinal0 [0x00341971+2169201]
BaseThreadInitThunk [0x768CFA29+25]
RtlGetAppContainerNamedObjectPath [0x77E37A9E+286]
RtlGetAppContainerNamedObjectPath [0x77E37A6E+238]

at org.openqa.selenium.remote.W3CHandshakeResponse.lambda$errorHandler$0(W3CHandshakeResponse.java:62)
at org.openqa.selenium.remote.HandshakeResponse.lambda$getResponseFunction$0(HandshakeResponse.java:30)
at org.openqa.selenium.remote.ProtocolHandshake.lambda$createSession$0(ProtocolHandshake.java:126)
at java.base/java.util.stream.ReferencePipeline$3$1.accept(ReferencePipeline.java:195)
at java.base/java.util.Spliterators$ArraySpliterator.tryAdvance(Spliterators.java:958)
at java.base/java.util.stream.ReferencePipeline.forEachWithCancel(ReferencePipeline.java:127)
at java.base/java.util.stream.AbstractPipeline.copyIntoWithCancel(AbstractPipeline.java:502)
at java.base/java.util.stream.AbstractPipeline.copyInto(AbstractPipeline.java:488)
at java.base/java.util.stream.AbstractPipeline.wrapAndCopyInto(AbstractPipeline.java:474)
at java.base/java.util.stream.FindOps$FindOp.evaluateSequential(FindOps.java:150)
at java.base/java.util.stream.AbstractPipeline.evaluate(AbstractPipeline.java:234)
at java.base/java.util.stream.ReferencePipeline.findFirst(ReferencePipeline.java:543)
at org.openqa.selenium.remote.ProtocolHandshake.createSession(ProtocolHandshake.java:128)
at org.openqa.selenium.remote.ProtocolHandshake.createSession(ProtocolHandshake.java:74)
at org.openqa.selenium.remote.HttpCommandExecutor.execute(HttpCommandExecutor.java:136)
at org.openqa.selenium.remote.service.DriverCommandExecutor.execute(DriverCommandExecutor.java:83)
at org.openqa.selenium.remote.RemoteWebDriver.execute(RemoteWebDriver.java:552)
at org.openqa.selenium.remote.RemoteWebDriver.startSession(RemoteWebDriver.java:213)
at org.openqa.selenium.remote.RemoteWebDriver.<init>(RemoteWebDriver.java:131)
at org.openqa.selenium.chrome.ChromeDriver.<init>(ChromeDriver.java:181)
at org.openqa.selenium.chrome.ChromeDriver.<init>(ChromeDriver.java:168)
at org.openqa.selenium.chrome.ChromeDriver.<init>(ChromeDriver.java:157)
at com.w2a.base.Page.initConfiguration(Page.java:67)
at com.w2a.testcases.SignInTest.signInTest(SignInTest.java:26)
at java.base/java.util.ArrayList.forEach(ArrayList.java:1511)
... Removed 32 stack frames]]>
    </failure>
  </testcase> <!-- signInTest -->
  <testcase classname="com.w2a.testcases.SignInTest" name="signInTest" time="2.701">
    <failure type="java.lang.NullPointerException" message="Cannot invoke &amp;quot;org.openqa.selenium.TakesScreenshot.getScreenshotAs(org.openqa.selenium.OutputType)&amp;quot; because &amp;quot;com.w2a.utilities.Utilities.driver&amp;quot; is null">
      <![CDATA[java.lang.NullPointerException: Cannot invoke "org.openqa.selenium.TakesScreenshot.getScreenshotAs(org.openqa.selenium.OutputType)" because "com.w2a.utilities.Utilities.driver" is null
at com.w2a.utilities.Utilities.captureScreenshot(Utilities.java:23)
at com.w2a.listeners.CustomListeners.onTestFailure(CustomListeners.java:45)
at java.base/java.util.ArrayList.forEach(ArrayList.java:1511)
... Removed 24 stack frames]]>
    </failure>
  </testcase> <!-- signInTest -->
</testsuite> <!-- Sign in Test -->
